{
  "RSpec": {
    "coverage": {
      "/home/poyasharonlin/SOA/Project/sangria/spec/domain/entities/concepts_spec.rb": {
        "lines": [
          null
        ]
      },
      "/home/poyasharonlin/SOA/Project/sangria/spec/domain/entities/papers_spec.rb": {
        "lines": [
          null
        ]
      },
      "/home/poyasharonlin/SOA/Project/sangria/spec/domain/entities/query_spec.rb": {
        "lines": [
          null
        ]
      },
      "/home/poyasharonlin/SOA/Project/sangria/spec/domain/services/embedder_spec.rb": {
        "lines": [
          null
        ]
      },
      "/home/poyasharonlin/SOA/Project/sangria/spec/domain/services/extractor_spec.rb": {
        "lines": [
          null,
          null,
          null,
          1,
          1,
          1,
          null,
          1,
          1,
          0,
          null,
          null,
          null,
          null,
          null,
          null,
          null,
          null,
          1,
          0,
          null,
          null,
          1,
          0,
          null,
          null,
          0,
          null,
          0,
          null,
          0,
          null,
          0,
          null,
          0,
          0,
          0,
          null,
          null,
          1,
          0,
          null,
          null,
          0,
          null,
          0,
          null,
          0,
          null,
          0,
          0,
          0,
          0,
          0,
          null,
          null
        ]
      },
      "/home/poyasharonlin/SOA/Project/sangria/spec/infrastructure_database_spec.rb": {
        "lines": [
          null,
          null,
          1,
          1,
          1,
          1,
          null,
          1,
          1,
          null,
          1,
          0,
          null,
          null,
          1,
          0,
          null,
          null,
          1,
          1,
          0,
          null,
          null,
          1,
          0,
          0,
          0,
          0,
          0,
          0,
          0,
          0,
          0,
          null,
          0,
          0,
          0,
          null,
          null,
          null,
          null
        ]
      },
      "/home/poyasharonlin/SOA/Project/sangria/spec/helpers/vcr_helper.rb": {
        "lines": [
          null,
          null,
          1,
          1,
          null,
          null,
          1,
          1,
          1,
          null,
          1,
          1,
          1,
          1,
          null,
          null,
          null,
          1,
          0,
          null,
          null,
          null,
          null,
          null,
          null,
          1,
          0,
          null,
          null
        ]
      },
      "/home/poyasharonlin/SOA/Project/sangria/spec/helpers/database_helper.rb": {
        "lines": [
          null,
          null,
          null,
          1,
          1,
          null,
          0,
          0,
          0,
          0,
          0,
          null,
          null
        ]
      }
    },
    "timestamp": 1763276269
  }
}
